#
# There is insufficient memory for the Java Runtime Environment to continue.
# Native memory allocation (mmap) failed to map 136314880 bytes for committing reserved memory.
# Possible reasons:
#   The system is out of physical RAM or swap space
#   The process is running with CompressedOops enabled, and the Java Heap may be blocking the growth of the native heap
# Possible solutions:
#   Reduce memory load on the system
#   Increase physical memory or swap space
#   Check if swap backing store is full
#   Decrease Java heap size (-Xmx/-Xms)
#   Decrease number of Java threads
#   Decrease Java thread stack sizes (-Xss)
#   Set larger code cache with -XX:ReservedCodeCacheSize=
#   JVM is running with Unscaled Compressed Oops mode in which the Java heap is
#     placed in the first 4GB address space. The Java Heap base address is the
#     maximum limit for the native heap growth. Please use -XX:HeapBaseMinAddress
#     to set the Java Heap base and to place the Java Heap above 4GB virtual address.
# This output file may be truncated or incomplete.
#
#  Out of Memory Error (os_linux.cpp:3130), pid=12083, tid=12104
#
# JRE version: OpenJDK Runtime Environment Corretto-11.0.18.10.1 (11.0.18+10) (build 11.0.18+10-LTS)
# Java VM: OpenJDK 64-Bit Server VM Corretto-11.0.18.10.1 (11.0.18+10-LTS, mixed mode, tiered, compressed oops, g1 gc, linux-amd64)
# No core dump will be written. Core dumps have been disabled. To enable core dumping, try "ulimit -c unlimited" before starting Java again
#

---------------  S U M M A R Y ------------

Command Line: -Dmaven.home=/home/ec2-user -Dmaven.multiModuleProjectDirectory=/home/ec2-user/microservices-with-db org.apache.maven.wrapper.MavenWrapperMain clean package

Host: AMD EPYC 7571, 2 cores, 3G, Amazon Linux release 2 (Karoo)
Time: Sat Feb 18 16:18:11 2023 UTC elapsed time: 6.603917 seconds (0d 0h 0m 6s)

---------------  T H R E A D  ---------------

Current thread (0x00007f914c0f9000):  VMThread "VM Thread" [stack: 0x00007f9150264000,0x00007f9150364000] [id=12104]

Stack: [0x00007f9150264000,0x00007f9150364000],  sp=0x00007f9150361d00,  free space=1015k
Native frames: (J=compiled Java code, A=aot compiled Java code, j=interpreted, Vv=VM code, C=native code)
V  [libjvm.so+0xed985a]  VMError::report_and_die(int, char const*, char const*, __va_list_tag*, Thread*, unsigned char*, void*, void*, char const*, int, unsigned long)+0x1ca
V  [libjvm.so+0xeda6cb]  VMError::report_and_die(Thread*, char const*, int, unsigned long, VMErrorType, char const*, __va_list_tag*)+0x2b
V  [libjvm.so+0x6b22b0]  report_vm_out_of_memory(char const*, int, unsigned long, VMErrorType, char const*, ...)+0xd0
V  [libjvm.so+0xc1b93e]  os::pd_commit_memory_or_exit(char*, unsigned long, unsigned long, bool, char const*)+0xfe
V  [libjvm.so+0xc14b1d]  os::commit_memory_or_exit(char*, unsigned long, unsigned long, bool, char const*)+0x1d
V  [libjvm.so+0x7ca30c]  G1PageBasedVirtualSpace::commit_preferred_pages(unsigned long, unsigned long)+0x6c
V  [libjvm.so+0x7ca59c]  G1PageBasedVirtualSpace::commit(unsigned long, unsigned long)+0x5c
V  [libjvm.so+0x7d5ef0]  G1RegionsLargerThanCommitSizeMapper::commit_regions(unsigned int, unsigned long, WorkGang*)+0x40
V  [libjvm.so+0x855a19]  HeapRegionManager::commit_regions(unsigned int, unsigned long, WorkGang*)+0x89
V  [libjvm.so+0x8565e2]  HeapRegionManager::make_regions_available(unsigned int, unsigned int, WorkGang*)+0x42
V  [libjvm.so+0x856a24]  HeapRegionManager::expand_at(unsigned int, unsigned int, WorkGang*) [clone .part.23]+0x114
V  [libjvm.so+0x789df9]  G1CollectedHeap::expand(unsigned long, WorkGang*, double*)+0xd9
V  [libjvm.so+0x78e87c]  G1CollectedHeap::do_collection_pause_at_safepoint(double)+0xabc
V  [libjvm.so+0xedc231]  VM_CollectForMetadataAllocation::doit()+0x381
V  [libjvm.so+0xedcd77]  VM_Operation::evaluate()+0xe7
V  [libjvm.so+0xee2e56]  VMThread::evaluate_operation(VM_Operation*) [clone .constprop.67]+0xb6
V  [libjvm.so+0xee3349]  VMThread::loop()+0x3f9
V  [libjvm.so+0xee3783]  VMThread::run()+0x73
V  [libjvm.so+0xe6de0d]  Thread::call_run()+0x14d
V  [libjvm.so+0xc21370]  thread_native_entry(Thread*)+0xe0

VM_Operation (0x00007f9154a00130): CollectForMetadataAllocation, mode: safepoint, requested by thread 0x00007f914c028000


---------------  P R O C E S S  ---------------

Threads class SMR info:
_java_thread_list=0x00007f914c1ab900, length=9, elements={
0x00007f914c028000, 0x00007f914c101000, 0x00007f914c105000, 0x00007f914c11a000,
0x00007f914c11c000, 0x00007f914c11e000, 0x00007f914c120800, 0x00007f914c122800,
0x00007f914c1aa000
}

Java Threads: ( => current thread )
  0x00007f914c028000 JavaThread "main" [_thread_blocked, id=12098, stack(0x00007f9154905000,0x00007f9154a06000)]
  0x00007f914c101000 JavaThread "Reference Handler" daemon [_thread_blocked, id=12105, stack(0x00007f9150161000,0x00007f9150262000)]
  0x00007f914c105000 JavaThread "Finalizer" daemon [_thread_blocked, id=12106, stack(0x00007f9150060000,0x00007f9150161000)]
  0x00007f914c11a000 JavaThread "Signal Dispatcher" daemon [_thread_blocked, id=12107, stack(0x00007f91346f7000,0x00007f91347f8000)]
  0x00007f914c11c000 JavaThread "Service Thread" daemon [_thread_blocked, id=12108, stack(0x00007f91345f6000,0x00007f91346f7000)]
  0x00007f914c11e000 JavaThread "C2 CompilerThread0" daemon [_thread_blocked, id=12109, stack(0x00007f91344f5000,0x00007f91345f6000)]
  0x00007f914c120800 JavaThread "C1 CompilerThread0" daemon [_thread_blocked, id=12110, stack(0x00007f91343f4000,0x00007f91344f5000)]
  0x00007f914c122800 JavaThread "Sweeper thread" daemon [_thread_blocked, id=12111, stack(0x00007f91342f3000,0x00007f91343f4000)]
  0x00007f914c1aa000 JavaThread "Common-Cleaner" daemon [_thread_blocked, id=12113, stack(0x00007f91340f0000,0x00007f91341f1000)]

Other Threads:
=>0x00007f914c0f9000 VMThread "VM Thread" [stack: 0x00007f9150264000,0x00007f9150364000] [id=12104]
  0x00007f914c19b000 WatcherThread [stack: 0x00007f91341f3000,0x00007f91342f3000] [id=12112]
  0x00007f914c03f800 GCTaskThread "GC Thread#0" [stack: 0x00007f9151206000,0x00007f9151306000] [id=12099]
  0x00007f9114001000 GCTaskThread "GC Thread#1" [stack: 0x00007f912c080000,0x00007f912c180000] [id=12153]
  0x00007f914c05a800 ConcurrentGCThread "G1 Main Marker" [stack: 0x00007f915094a000,0x00007f9150a4a000] [id=12100]
  0x00007f914c05c800 ConcurrentGCThread "G1 Conc#0" [stack: 0x00007f9150848000,0x00007f9150948000] [id=12101]
  0x00007f914c097800 ConcurrentGCThread "G1 Refine#0" [stack: 0x00007f9150544000,0x00007f9150644000] [id=12102]
  0x00007f9124001000 ConcurrentGCThread "G1 Refine#1" [stack: 0x00007f911ecd3000,0x00007f911edd3000] [id=12154]
  0x00007f914c099800 ConcurrentGCThread "G1 Young RemSet Sampling" [stack: 0x00007f9150442000,0x00007f9150542000] [id=12103]

Threads with active compile tasks:
C2 CompilerThread0     6764 2681       4       java.lang.Integer::parseInt (259 bytes)

VM state:at safepoint (normal execution)

VM Mutex/Monitor currently owned by a thread:  ([mutex/lock_event])
[0x00007f914c0247c0] Threads_lock - owner thread: 0x00007f914c0f9000
[0x00007f914c024fa0] Heap_lock - owner thread: 0x00007f914c028000

Heap address: 0x00000000c3000000, size: 976 MB, Compressed Oops mode: 32-bit
Narrow klass base: 0x0000000000000000, Narrow klass shift: 3
Compressed class space size: 1073741824 Address: 0x0000000100000000

Heap:
 garbage-first heap   total 222208K, used 29061K [0x00000000c3000000, 0x0000000100000000)
  region size 1024K, 2 young (2048K), 2 survivors (2048K)
 Metaspace       used 20471K, capacity 20856K, committed 21296K, reserved 1069056K
  class space    used 2152K, capacity 2315K, committed 2432K, reserved 1048576K
Heap Regions: E=young(eden), S=young(survivor), O=old, HS=humongous(starts), HC=humongous(continues), CS=collection set, F=free, A=archive, TAMS=top-at-mark-start (previous, next)
|   0|0x00000000c3000000, 0x00000000c3100000, 0x00000000c3100000|100%| O|  |TAMS 0x00000000c3000000, 0x00000000c3100000| Untracked 
|   1|0x00000000c3100000, 0x00000000c3200000, 0x00000000c3200000|100%| O|  |TAMS 0x00000000c3100000, 0x00000000c3200000| Untracked 
|   2|0x00000000c3200000, 0x00000000c3300000, 0x00000000c3300000|100%| O|  |TAMS 0x00000000c3200000, 0x00000000c3300000| Untracked 
|   3|0x00000000c3300000, 0x00000000c3400000, 0x00000000c3400000|100%| O|  |TAMS 0x00000000c3300000, 0x00000000c3400000| Untracked 
|   4|0x00000000c3400000, 0x00000000c3500000, 0x00000000c3500000|100%| O|  |TAMS 0x00000000c3400000, 0x00000000c3500000| Untracked 
|   5|0x00000000c3500000, 0x00000000c3600000, 0x00000000c3600000|100%| O|  |TAMS 0x00000000c3500000, 0x00000000c3600000| Untracked 
|   6|0x00000000c3600000, 0x00000000c3700000, 0x00000000c3700000|100%| O|  |TAMS 0x00000000c3600000, 0x00000000c3700000| Untracked 
|   7|0x00000000c3700000, 0x00000000c3800000, 0x00000000c3800000|100%| O|  |TAMS 0x00000000c3700000, 0x00000000c3800000| Untracked 
|   8|0x00000000c3800000, 0x00000000c3900000, 0x00000000c3900000|100%| O|  |TAMS 0x00000000c3800000, 0x00000000c3900000| Untracked 
|   9|0x00000000c3900000, 0x00000000c3a00000, 0x00000000c3a00000|100%| O|  |TAMS 0x00000000c3900000, 0x00000000c3a00000| Untracked 
|  10|0x00000000c3a00000, 0x00000000c3b00000, 0x00000000c3b00000|100%| O|  |TAMS 0x00000000c3a00000, 0x00000000c3b00000| Untracked 
|  11|0x00000000c3b00000, 0x00000000c3c00000, 0x00000000c3c00000|100%| O|  |TAMS 0x00000000c3b00000, 0x00000000c3c00000| Untracked 
|  12|0x00000000c3c00000, 0x00000000c3d00000, 0x00000000c3d00000|100%| O|  |TAMS 0x00000000c3c00000, 0x00000000c3d00000| Untracked 
|  13|0x00000000c3d00000, 0x00000000c3e00000, 0x00000000c3e00000|100%| O|  |TAMS 0x00000000c3d00000, 0x00000000c3e00000| Untracked 
|  14|0x00000000c3e00000, 0x00000000c3f00000, 0x00000000c3f00000|100%| O|  |TAMS 0x00000000c3e00000, 0x00000000c3f00000| Untracked 
|  15|0x00000000c3f00000, 0x00000000c4000000, 0x00000000c4000000|100%| O|  |TAMS 0x00000000c3f00000, 0x00000000c4000000| Untracked 
|  16|0x00000000c4000000, 0x00000000c4100000, 0x00000000c4100000|100%| O|  |TAMS 0x00000000c4000000, 0x00000000c4100000| Untracked 
|  17|0x00000000c4100000, 0x00000000c4200000, 0x00000000c4200000|100%| O|  |TAMS 0x00000000c4100000, 0x00000000c4200000| Untracked 
|  18|0x00000000c4200000, 0x00000000c4300000, 0x00000000c4300000|100%| O|  |TAMS 0x00000000c4200000, 0x00000000c4300000| Untracked 
|  19|0x00000000c4300000, 0x00000000c4400000, 0x00000000c4400000|100%| O|  |TAMS 0x00000000c4300000, 0x00000000c4400000| Untracked 
|  20|0x00000000c4400000, 0x00000000c4500000, 0x00000000c4500000|100%| O|  |TAMS 0x00000000c4400000, 0x00000000c4500000| Untracked 
|  21|0x00000000c4500000, 0x00000000c4600000, 0x00000000c4600000|100%| O|  |TAMS 0x00000000c4500000, 0x00000000c4600000| Untracked 
|  22|0x00000000c4600000, 0x00000000c4700000, 0x00000000c4700000|100%| O|  |TAMS 0x00000000c4600000, 0x00000000c4700000| Untracked 
|  23|0x00000000c4700000, 0x00000000c4800000, 0x00000000c4800000|100%| O|  |TAMS 0x00000000c4700000, 0x00000000c4800000| Untracked 
|  24|0x00000000c4800000, 0x00000000c4900000, 0x00000000c4900000|100%| O|  |TAMS 0x00000000c4800000, 0x00000000c4900000| Untracked 
|  25|0x00000000c4900000, 0x00000000c4a00000, 0x00000000c4a00000|100%| O|  |TAMS 0x00000000c4900000, 0x00000000c4a00000| Untracked 
|  26|0x00000000c4a00000, 0x00000000c4a61600, 0x00000000c4b00000| 38%| O|  |TAMS 0x00000000c4a00000, 0x00000000c4a61600| Untracked 
|  27|0x00000000c4b00000, 0x00000000c4b00000, 0x00000000c4c00000|  0%| F|  |TAMS 0x00000000c4b00000, 0x00000000c4b00000| Untracked 
|  28|0x00000000c4c00000, 0x00000000c4c00000, 0x00000000c4d00000|  0%| F|  |TAMS 0x00000000c4c00000, 0x00000000c4c00000| Untracked 
|  29|0x00000000c4d00000, 0x00000000c4d00000, 0x00000000c4e00000|  0%| F|  |TAMS 0x00000000c4d00000, 0x00000000c4d00000| Untracked 
|  30|0x00000000c4e00000, 0x00000000c4e00000, 0x00000000c4f00000|  0%| F|  |TAMS 0x00000000c4e00000, 0x00000000c4e00000| Untracked 
|  31|0x00000000c4f00000, 0x00000000c4f00000, 0x00000000c5000000|  0%| F|  |TAMS 0x00000000c4f00000, 0x00000000c4f00000| Untracked 
|  32|0x00000000c5000000, 0x00000000c5000000, 0x00000000c5100000|  0%| F|  |TAMS 0x00000000c5000000, 0x00000000c5000000| Untracked 
|  33|0x00000000c5100000, 0x00000000c5100000, 0x00000000c5200000|  0%| F|  |TAMS 0x00000000c5100000, 0x00000000c5100000| Untracked 
|  34|0x00000000c5200000, 0x00000000c5200000, 0x00000000c5300000|  0%| F|  |TAMS 0x00000000c5200000, 0x00000000c5200000| Untracked 
|  35|0x00000000c5300000, 0x00000000c5300000, 0x00000000c5400000|  0%| F|  |TAMS 0x00000000c5300000, 0x00000000c5300000| Untracked 
|  36|0x00000000c5400000, 0x00000000c5400000, 0x00000000c5500000|  0%| F|  |TAMS 0x00000000c5400000, 0x00000000c5400000| Untracked 
|  37|0x00000000c5500000, 0x00000000c5500000, 0x00000000c5600000|  0%| F|  |TAMS 0x00000000c5500000, 0x00000000c5500000| Untracked 
|  38|0x00000000c5600000, 0x00000000c5600000, 0x00000000c5700000|  0%| F|  |TAMS 0x00000000c5600000, 0x00000000c5600000| Untracked 
|  39|0x00000000c5700000, 0x00000000c5700000, 0x00000000c5800000|  0%| F|  |TAMS 0x00000000c5700000, 0x00000000c5700000| Untracked 
|  40|0x00000000c5800000, 0x00000000c5800000, 0x00000000c5900000|  0%| F|  |TAMS 0x00000000c5800000, 0x00000000c5800000| Untracked 
|  41|0x00000000c5900000, 0x00000000c5900000, 0x00000000c5a00000|  0%| F|  |TAMS 0x00000000c5900000, 0x00000000c5900000| Untracked 
|  42|0x00000000c5a00000, 0x00000000c5a00000, 0x00000000c5b00000|  0%| F|  |TAMS 0x00000000c5a00000, 0x00000000c5a00000| Untracked 
|  43|0x00000000c5b00000, 0x00000000c5b00000, 0x00000000c5c00000|  0%| F|  |TAMS 0x00000000c5b00000, 0x00000000c5b00000| Untracked 
|  44|0x00000000c5c00000, 0x00000000c5c00000, 0x00000000c5d00000|  0%| F|  |TAMS 0x00000000c5c00000, 0x00000000c5c00000| Untracked 
|  45|0x00000000c5d00000, 0x00000000c5d00000, 0x00000000c5e00000|  0%| F|  |TAMS 0x00000000c5d00000, 0x00000000c5d00000| Untracked 
|  46|0x00000000c5e00000, 0x00000000c5e00000, 0x00000000c5f00000|  0%| F|  |TAMS 0x00000000c5e00000, 0x00000000c5e00000| Untracked 
|  47|0x00000000c5f00000, 0x00000000c5f00000, 0x00000000c6000000|  0%| F|  |TAMS 0x00000000c5f00000, 0x00000000c5f00000| Untracked 
|  48|0x00000000c6000000, 0x00000000c6000000, 0x00000000c6100000|  0%| F|  |TAMS 0x00000000c6000000, 0x00000000c6000000| Untracked 
|  49|0x00000000c6100000, 0x00000000c6100000, 0x00000000c6200000|  0%| F|  |TAMS 0x00000000c6100000, 0x00000000c6100000| Untracked 
|  50|0x00000000c6200000, 0x00000000c6200000, 0x00000000c6300000|  0%| F|  |TAMS 0x00000000c6200000, 0x00000000c6200000| Untracked 
|  51|0x00000000c6300000, 0x00000000c6300000, 0x00000000c6400000|  0%| F|  |TAMS 0x00000000c6300000, 0x00000000c6300000| Untracked 
|  52|0x00000000c6400000, 0x00000000c6400000, 0x00000000c6500000|  0%| F|  |TAMS 0x00000000c6400000, 0x00000000c6400000| Untracked 
|  53|0x00000000c6500000, 0x00000000c6500000, 0x00000000c6600000|  0%| F|  |TAMS 0x00000000c6500000, 0x00000000c6500000| Untracked 
|  54|0x00000000c6600000, 0x00000000c6600000, 0x00000000c6700000|  0%| F|  |TAMS 0x00000000c6600000, 0x00000000c6600000| Untracked 
|  55|0x00000000c6700000, 0x00000000c6700000, 0x00000000c6800000|  0%| F|  |TAMS 0x00000000c6700000, 0x00000000c6700000| Untracked 
|  56|0x00000000c6800000, 0x00000000c6800000, 0x00000000c6900000|  0%| F|  |TAMS 0x00000000c6800000, 0x00000000c6800000| Untracked 
|  57|0x00000000c6900000, 0x00000000c6900000, 0x00000000c6a00000|  0%| F|  |TAMS 0x00000000c6900000, 0x00000000c6900000| Untracked 
|  58|0x00000000c6a00000, 0x00000000c6a00000, 0x00000000c6b00000|  0%| F|  |TAMS 0x00000000c6a00000, 0x00000000c6a00000| Untracked 
|  59|0x00000000c6b00000, 0x00000000c6b00000, 0x00000000c6c00000|  0%| F|  |TAMS 0x00000000c6b00000, 0x00000000c6b00000| Untracked 
|  60|0x00000000c6c00000, 0x00000000c6c00000, 0x00000000c6d00000|  0%| F|  |TAMS 0x00000000c6c00000, 0x00000000c6c00000| Untracked 
|  61|0x00000000c6d00000, 0x00000000c6d00000, 0x00000000c6e00000|  0%| F|  |TAMS 0x00000000c6d00000, 0x00000000c6d00000| Untracked 
|  62|0x00000000c6e00000, 0x00000000c6e00000, 0x00000000c6f00000|  0%| F|  |TAMS 0x00000000c6e00000, 0x00000000c6e00000| Untracked 
|  63|0x00000000c6f00000, 0x00000000c6f00000, 0x00000000c7000000|  0%| F|  |TAMS 0x00000000c6f00000, 0x00000000c6f00000| Untracked 
|  64|0x00000000c7000000, 0x00000000c7000000, 0x00000000c7100000|  0%| F|  |TAMS 0x00000000c7000000, 0x00000000c7000000| Untracked 
|  65|0x00000000c7100000, 0x00000000c7100000, 0x00000000c7200000|  0%| F|  |TAMS 0x00000000c7100000, 0x00000000c7100000| Untracked 
|  66|0x00000000c7200000, 0x00000000c7200000, 0x00000000c7300000|  0%| F|  |TAMS 0x00000000c7200000, 0x00000000c7200000| Untracked 
|  67|0x00000000c7300000, 0x00000000c7300000, 0x00000000c7400000|  0%| F|  |TAMS 0x00000000c7300000, 0x00000000c7300000| Untracked 
|  68|0x00000000c7400000, 0x00000000c7400000, 0x00000000c7500000|  0%| F|  |TAMS 0x00000000c7400000, 0x00000000c7400000| Untracked 
|  69|0x00000000c7500000, 0x00000000c7500000, 0x00000000c7600000|  0%| F|  |TAMS 0x00000000c7500000, 0x00000000c7500000| Untracked 
|  70|0x00000000c7600000, 0x00000000c7600000, 0x00000000c7700000|  0%| F|  |TAMS 0x00000000c7600000, 0x00000000c7600000| Untracked 
|  71|0x00000000c7700000, 0x00000000c7700000, 0x00000000c7800000|  0%| F|  |TAMS 0x00000000c7700000, 0x00000000c7700000| Untracked 
|  72|0x00000000c7800000, 0x00000000c7800000, 0x00000000c7900000|  0%| F|  |TAMS 0x00000000c7800000, 0x00000000c7800000| Untracked 
|  73|0x00000000c7900000, 0x00000000c7900000, 0x00000000c7a00000|  0%| F|  |TAMS 0x00000000c7900000, 0x00000000c7900000| Untracked 
|  74|0x00000000c7a00000, 0x00000000c7b00000, 0x00000000c7b00000|100%| S|CS|TAMS 0x00000000c7a00000, 0x00000000c7a00000| Complete 
|  75|0x00000000c7b00000, 0x00000000c7c00000, 0x00000000c7c00000|100%| S|CS|TAMS 0x00000000c7b00000, 0x00000000c7b00000| Complete 
|  76|0x00000000c7c00000, 0x00000000c7c00000, 0x00000000c7d00000|  0%| F|  |TAMS 0x00000000c7c00000, 0x00000000c7c00000| Untracked 
|  77|0x00000000c7d00000, 0x00000000c7d00000, 0x00000000c7e00000|  0%| F|  |TAMS 0x00000000c7d00000, 0x00000000c7d00000| Untracked 
|  78|0x00000000c7e00000, 0x00000000c7e00000, 0x00000000c7f00000|  0%| F|  |TAMS 0x00000000c7e00000, 0x00000000c7e00000| Untracked 
|  79|0x00000000c7f00000, 0x00000000c7f00000, 0x00000000c8000000|  0%| F|  |TAMS 0x00000000c7f00000, 0x00000000c7f00000| Untracked 
|  80|0x00000000c8000000, 0x00000000c8000000, 0x00000000c8100000|  0%| F|  |TAMS 0x00000000c8000000, 0x00000000c8000000| Untracked 
|  81|0x00000000c8100000, 0x00000000c8100000, 0x00000000c8200000|  0%| F|  |TAMS 0x00000000c8100000, 0x00000000c8100000| Untracked 
|  82|0x00000000c8200000, 0x00000000c8200000, 0x00000000c8300000|  0%| F|  |TAMS 0x00000000c8200000, 0x00000000c8200000| Untracked 
|  83|0x00000000c8300000, 0x00000000c8300000, 0x00000000c8400000|  0%| F|  |TAMS 0x00000000c8300000, 0x00000000c8300000| Untracked 
|  84|0x00000000c8400000, 0x00000000c8400000, 0x00000000c8500000|  0%| F|  |TAMS 0x00000000c8400000, 0x00000000c8400000| Untracked 
|  85|0x00000000c8500000, 0x00000000c8500000, 0x00000000c8600000|  0%| F|  |TAMS 0x00000000c8500000, 0x00000000c8500000| Untracked 
|  86|0x00000000c8600000, 0x00000000c8600000, 0x00000000c8700000|  0%| F|  |TAMS 0x00000000c8600000, 0x00000000c8600000| Untracked 

Card table byte_map: [0x00007f9150c32000,0x00007f9150e1a000] _byte_map_base: 0x00007f915061a000

Marking Bits (Prev, Next): (CMBitMap*) 0x00007f914c055c88, (CMBitMap*) 0x00007f914c055cc0
 Prev Bits: [0x00007f912f0c0000, 0x00007f9130000000)
 Next Bits: [0x00007f912e180000, 0x00007f912f0c0000)

Polling page: 0x00007f9154a0f000

Metaspace:

Usage:
  Non-class:     18.11 MB capacity,    17.89 MB ( 99%) used,   198.72 KB (  1%) free+waste,    22.75 KB ( <1%) overhead. 
      Class:      2.26 MB capacity,     2.10 MB ( 93%) used,   153.76 KB (  7%) free+waste,     9.00 KB ( <1%) overhead. 
       Both:     20.37 MB capacity,    19.99 MB ( 98%) used,   352.48 KB (  2%) free+waste,    31.75 KB ( <1%) overhead. 

Virtual space:
  Non-class space:       20.00 MB reserved,      18.42 MB ( 92%) committed 
      Class space:        1.00 GB reserved,       2.38 MB ( <1%) committed 
             Both:        1.02 GB reserved,      20.80 MB (  2%) committed 

Chunk freelists:
   Non-Class:  271.00 KB
       Class:  21.00 KB
        Both:  292.00 KB

MaxMetaspaceSize: unlimited
CompressedClassSpaceSize: 1.00 GB
Initial GC threshold: 20.80 MB
Current GC threshold: 20.80 MB
CDS: off

CodeHeap 'non-profiled nmethods': size=120036Kb used=1044Kb max_used=1044Kb free=118991Kb
 bounds [0x00007f913c2bf000, 0x00007f913c52f000, 0x00007f91437f8000]
CodeHeap 'profiled nmethods': size=120032Kb used=5377Kb max_used=5377Kb free=114654Kb
 bounds [0x00007f9134d87000, 0x00007f91352d7000, 0x00007f913c2bf000]
CodeHeap 'non-nmethods': size=5692Kb used=1156Kb max_used=1185Kb free=4535Kb
 bounds [0x00007f91347f8000, 0x00007f9134a68000, 0x00007f9134d87000]
 total_blobs=3080 nmethods=2667 adapters=326
 compilation: enabled
              stopped_count=0, restarted_count=0
 full_count=0

Compilation events (20 events):
Event: 5.676 Thread 0x00007f914c120800 2692       2       java.util.HashMap$KeySet::iterator (12 bytes)
Event: 5.682 Thread 0x00007f914c120800 nmethod 2692 0x00007f91352bef10 code [0x00007f91352bf0c0, 0x00007f91352bf280]
Event: 5.683 Thread 0x00007f914c120800 2695       2       org.codehaus.plexus.util.xml.Xpp3Dom::mergeXpp3Dom (14 bytes)
Event: 5.683 Thread 0x00007f914c120800 nmethod 2695 0x00007f91352bf390 code [0x00007f91352bf540, 0x00007f91352bf660]
Event: 5.683 Thread 0x00007f914c120800 2693       2       java.util.HashMap$KeyIterator::<init> (11 bytes)
Event: 5.683 Thread 0x00007f914c120800 nmethod 2693 0x00007f91352bf710 code [0x00007f91352bf8c0, 0x00007f91352bfa20]
Event: 5.683 Thread 0x00007f914c120800 2694       1       org.apache.maven.model.PluginExecution::setPhase (6 bytes)
Event: 5.683 Thread 0x00007f914c120800 nmethod 2694 0x00007f913c3c1d10 code [0x00007f913c3c1ec0, 0x00007f913c3c1fb0]
Event: 5.805 Thread 0x00007f914c11e000 nmethod 2682 0x00007f913c3c2010 code [0x00007f913c3c21e0, 0x00007f913c3c2ab8]
Event: 5.806 Thread 0x00007f914c11e000 2645       4       org.eclipse.sisu.plexus.RealmFilteredBeans$FilteredItr::hasNext (81 bytes)
Event: 6.060 Thread 0x00007f914c120800 2698       2       java.lang.Exception::<init> (6 bytes)
Event: 6.149 Thread 0x00007f914c120800 nmethod 2698 0x00007f91352bfb10 code [0x00007f91352bfce0, 0x00007f91352c01c0]
Event: 6.155 Thread 0x00007f914c120800 2706 %     3       java.util.StringTokenizer::setMaxDelimCodePoint @ 20 (156 bytes)
Event: 6.158 Thread 0x00007f914c120800 nmethod 2706% 0x00007f91352c0310 code [0x00007f91352c05a0, 0x00007f91352c1390]
Event: 6.158 Thread 0x00007f914c120800 2704 % !   3       org.apache.maven.model.DependencyManagement::clone @ 36 (137 bytes)
Event: 6.200 Thread 0x00007f914c120800 nmethod 2704% 0x00007f91352c1910 code [0x00007f91352c1ca0, 0x00007f91352c3400]
Event: 6.201 Thread 0x00007f914c120800 2705 %     3       org.apache.maven.model.validation.DefaultModelValidator::validateEffectiveDependencies @ 31 (258 bytes)
Event: 6.208 Thread 0x00007f914c120800 nmethod 2705% 0x00007f91352c3d90 code [0x00007f91352c42a0, 0x00007f91352c6b30]
Event: 6.371 Thread 0x00007f914c11e000 nmethod 2645 0x00007f913c3c2f10 code [0x00007f913c3c3120, 0x00007f913c3c3c18]
Event: 6.374 Thread 0x00007f914c11e000 2681       4       java.lang.Integer::parseInt (259 bytes)

GC Heap History (20 events):
Event: 4.068 GC heap after
{Heap after GC invocations=6 (full 0):
 garbage-first heap   total 63488K, used 12101K [0x00000000c3000000, 0x0000000100000000)
  region size 1024K, 1 young (1024K), 1 survivors (1024K)
 Metaspace       used 20098K, capacity 20436K, committed 20736K, reserved 1067008K
  class space    used 2141K, capacity 2282K, committed 2304K, reserved 1048576K
}
Event: 4.104 GC heap before
{Heap before GC invocations=6 (full 0):
 garbage-first heap   total 63488K, used 14149K [0x00000000c3000000, 0x0000000100000000)
  region size 1024K, 3 young (3072K), 1 survivors (1024K)
 Metaspace       used 20115K, capacity 20436K, committed 20736K, reserved 1067008K
  class space    used 2141K, capacity 2282K, committed 2304K, reserved 1048576K
}
Event: 4.107 GC heap after
{Heap after GC invocations=7 (full 0):
 garbage-first heap   total 89088K, used 12105K [0x00000000c3000000, 0x0000000100000000)
  region size 1024K, 1 young (1024K), 1 survivors (1024K)
 Metaspace       used 20115K, capacity 20436K, committed 20736K, reserved 1067008K
  class space    used 2141K, capacity 2282K, committed 2304K, reserved 1048576K
}
Event: 4.161 GC heap before
{Heap before GC invocations=7 (full 0):
 garbage-first heap   total 89088K, used 15177K [0x00000000c3000000, 0x0000000100000000)
  region size 1024K, 4 young (4096K), 1 survivors (1024K)
 Metaspace       used 20127K, capacity 20500K, committed 20736K, reserved 1067008K
  class space    used 2141K, capacity 2282K, committed 2304K, reserved 1048576K
}
Event: 4.165 GC heap after
{Heap after GC invocations=8 (full 0):
 garbage-first heap   total 89088K, used 12727K [0x00000000c3000000, 0x0000000100000000)
  region size 1024K, 1 young (1024K), 1 survivors (1024K)
 Metaspace       used 20127K, capacity 20500K, committed 20736K, reserved 1067008K
  class space    used 2141K, capacity 2282K, committed 2304K, reserved 1048576K
}
Event: 4.298 GC heap before
{Heap before GC invocations=8 (full 0):
 garbage-first heap   total 89088K, used 15799K [0x00000000c3000000, 0x0000000100000000)
  region size 1024K, 4 young (4096K), 1 survivors (1024K)
 Metaspace       used 20140K, capacity 20565K, committed 20992K, reserved 1069056K
  class space    used 2141K, capacity 2282K, committed 2304K, reserved 1048576K
}
Event: 4.302 GC heap after
{Heap after GC invocations=9 (full 0):
 garbage-first heap   total 89088K, used 13098K [0x00000000c3000000, 0x0000000100000000)
  region size 1024K, 1 young (1024K), 1 survivors (1024K)
 Metaspace       used 20140K, capacity 20565K, committed 20992K, reserved 1069056K
  class space    used 2141K, capacity 2282K, committed 2304K, reserved 1048576K
}
Event: 4.364 GC heap before
{Heap before GC invocations=9 (full 0):
 garbage-first heap   total 89088K, used 16170K [0x00000000c3000000, 0x0000000100000000)
  region size 1024K, 4 young (4096K), 1 survivors (1024K)
 Metaspace       used 20148K, capacity 20565K, committed 20992K, reserved 1069056K
  class space    used 2141K, capacity 2282K, committed 2304K, reserved 1048576K
}
Event: 4.370 GC heap after
{Heap after GC invocations=10 (full 0):
 garbage-first heap   total 89088K, used 13188K [0x00000000c3000000, 0x0000000100000000)
  region size 1024K, 1 young (1024K), 1 survivors (1024K)
 Metaspace       used 20148K, capacity 20565K, committed 20992K, reserved 1069056K
  class space    used 2141K, capacity 2282K, committed 2304K, reserved 1048576K
}
Event: 4.458 GC heap before
{Heap before GC invocations=10 (full 0):
 garbage-first heap   total 89088K, used 16260K [0x00000000c3000000, 0x0000000100000000)
  region size 1024K, 4 young (4096K), 1 survivors (1024K)
 Metaspace       used 20222K, capacity 20661K, committed 21120K, reserved 1069056K
  class space    used 2148K, capacity 2314K, committed 2432K, reserved 1048576K
}
Event: 4.462 GC heap after
{Heap after GC invocations=11 (full 0):
 garbage-first heap   total 89088K, used 14163K [0x00000000c3000000, 0x0000000100000000)
  region size 1024K, 1 young (1024K), 1 survivors (1024K)
 Metaspace       used 20222K, capacity 20661K, committed 21120K, reserved 1069056K
  class space    used 2148K, capacity 2314K, committed 2432K, reserved 1048576K
}
Event: 4.529 GC heap before
{Heap before GC invocations=11 (full 0):
 garbage-first heap   total 89088K, used 17235K [0x00000000c3000000, 0x0000000100000000)
  region size 1024K, 4 young (4096K), 1 survivors (1024K)
 Metaspace       used 20260K, capacity 20664K, committed 21120K, reserved 1069056K
  class space    used 2148K, capacity 2315K, committed 2432K, reserved 1048576K
}
Event: 4.532 GC heap after
{Heap after GC invocations=12 (full 0):
 garbage-first heap   total 89088K, used 14360K [0x00000000c3000000, 0x0000000100000000)
  region size 1024K, 1 young (1024K), 1 survivors (1024K)
 Metaspace       used 20260K, capacity 20664K, committed 21120K, reserved 1069056K
  class space    used 2148K, capacity 2315K, committed 2432K, reserved 1048576K
}
Event: 4.949 GC heap before
{Heap before GC invocations=12 (full 0):
 garbage-first heap   total 89088K, used 30744K [0x00000000c3000000, 0x0000000100000000)
  region size 1024K, 17 young (17408K), 1 survivors (1024K)
 Metaspace       used 20440K, capacity 20856K, committed 21296K, reserved 1069056K
  class space    used 2151K, capacity 2315K, committed 2432K, reserved 1048576K
}
Event: 4.959 GC heap after
{Heap after GC invocations=13 (full 0):
 garbage-first heap   total 89088K, used 16681K [0x00000000c3000000, 0x0000000100000000)
  region size 1024K, 3 young (3072K), 3 survivors (3072K)
 Metaspace       used 20440K, capacity 20856K, committed 21296K, reserved 1069056K
  class space    used 2151K, capacity 2315K, committed 2432K, reserved 1048576K
}
Event: 5.283 GC heap before
{Heap before GC invocations=13 (full 0):
 garbage-first heap   total 89088K, used 43305K [0x00000000c3000000, 0x0000000100000000)
  region size 1024K, 29 young (29696K), 3 survivors (3072K)
 Metaspace       used 20449K, capacity 20856K, committed 21296K, reserved 1069056K
  class space    used 2151K, capacity 2315K, committed 2432K, reserved 1048576K
}
Event: 5.386 GC heap after
{Heap after GC invocations=14 (full 0):
 garbage-first heap   total 89088K, used 21905K [0x00000000c3000000, 0x0000000100000000)
  region size 1024K, 4 young (4096K), 4 survivors (4096K)
 Metaspace       used 20449K, capacity 20856K, committed 21296K, reserved 1069056K
  class space    used 2151K, capacity 2315K, committed 2432K, reserved 1048576K
}
Event: 5.820 GC heap before
{Heap before GC invocations=14 (full 0):
 garbage-first heap   total 89088K, used 47505K [0x00000000c3000000, 0x0000000100000000)
  region size 1024K, 29 young (29696K), 4 survivors (4096K)
 Metaspace       used 20451K, capacity 20856K, committed 21296K, reserved 1069056K
  class space    used 2151K, capacity 2315K, committed 2432K, reserved 1048576K
}
Event: 5.955 GC heap after
{Heap after GC invocations=15 (full 0):
 garbage-first heap   total 89088K, used 26444K [0x00000000c3000000, 0x0000000100000000)
  region size 1024K, 4 young (4096K), 4 survivors (4096K)
 Metaspace       used 20451K, capacity 20856K, committed 21296K, reserved 1069056K
  class space    used 2151K, capacity 2315K, committed 2432K, reserved 1048576K
}
Event: 6.394 GC heap before
{Heap before GC invocations=15 (full 0):
 garbage-first heap   total 89088K, used 36684K [0x00000000c3000000, 0x0000000100000000)
  region size 1024K, 15 young (15360K), 4 survivors (4096K)
 Metaspace       used 20471K, capacity 20856K, committed 21296K, reserved 1069056K
  class space    used 2152K, capacity 2315K, committed 2432K, reserved 1048576K
}

Deoptimization events (20 events):
Event: 4.667 Thread 0x00007f914c028000 DEOPT PACKING pc=0x00007f91351ff74f sp=0x00007f9154a02120
Event: 4.667 Thread 0x00007f914c028000 DEOPT UNPACKING pc=0x00007f913484264a sp=0x00007f9154a015c8 mode 0
Event: 4.678 Thread 0x00007f914c028000 DEOPT PACKING pc=0x00007f91351ff74f sp=0x00007f9154a02120
Event: 4.678 Thread 0x00007f914c028000 DEOPT UNPACKING pc=0x00007f913484264a sp=0x00007f9154a015c8 mode 0
Event: 4.685 Thread 0x00007f914c028000 DEOPT PACKING pc=0x00007f91351ff74f sp=0x00007f9154a02120
Event: 4.685 Thread 0x00007f914c028000 DEOPT UNPACKING pc=0x00007f913484264a sp=0x00007f9154a015c8 mode 0
Event: 4.700 Thread 0x00007f914c028000 DEOPT PACKING pc=0x00007f91351ff74f sp=0x00007f9154a02120
Event: 4.700 Thread 0x00007f914c028000 DEOPT UNPACKING pc=0x00007f913484264a sp=0x00007f9154a015c8 mode 0
Event: 5.035 Thread 0x00007f914c028000 DEOPT PACKING pc=0x00007f9135264add sp=0x00007f9154a02690
Event: 5.035 Thread 0x00007f914c028000 DEOPT UNPACKING pc=0x00007f913484264a sp=0x00007f9154a01b78 mode 0
Event: 5.060 Thread 0x00007f914c028000 DEOPT PACKING pc=0x00007f913526bd9d sp=0x00007f9154a02870
Event: 5.060 Thread 0x00007f914c028000 DEOPT UNPACKING pc=0x00007f913484264a sp=0x00007f9154a01f98 mode 0
Event: 5.093 Thread 0x00007f914c028000 DEOPT PACKING pc=0x00007f9135265d34 sp=0x00007f9154a02c50
Event: 5.093 Thread 0x00007f914c028000 DEOPT UNPACKING pc=0x00007f913484264a sp=0x00007f9154a02118 mode 0
Event: 5.151 Thread 0x00007f914c028000 DEOPT PACKING pc=0x00007f9135267627 sp=0x00007f9154a02790
Event: 5.151 Thread 0x00007f914c028000 DEOPT UNPACKING pc=0x00007f913484264a sp=0x00007f9154a01cc8 mode 0
Event: 5.179 Thread 0x00007f914c028000 DEOPT PACKING pc=0x00007f91350fd960 sp=0x00007f9154a02c70
Event: 5.179 Thread 0x00007f914c028000 DEOPT UNPACKING pc=0x00007f913484264a sp=0x00007f9154a021a8 mode 0
Event: 5.201 Thread 0x00007f914c028000 DEOPT PACKING pc=0x00007f9135264add sp=0x00007f9154a02520
Event: 5.201 Thread 0x00007f914c028000 DEOPT UNPACKING pc=0x00007f913484264a sp=0x00007f9154a01a08 mode 0

Classes redefined (0 events):
No events

Internal exceptions (5 events):
Event: 2.805 Thread 0x00007f914c028000 Exception <a 'java/lang/NoClassDefFoundError'{0x00000000c6242df0}: com/google/inject/servlet/ServletModuleTargetVisitor> (0x00000000c6242df0) thrown at [./src/hotspot/share/classfile/systemDictionary.cpp, line 219]
Event: 2.805 Thread 0x00007f914c028000 Exception <a 'java/lang/NoClassDefFoundError'{0x00000000c6242df0}> (0x00000000c6242df0) thrown at [./src/hotspot/share/prims/jvm.cpp, line 1310]
Event: 2.806 Thread 0x00007f914c028000 Exception <a 'java/lang/NoClassDefFoundError'{0x00000000c6246f18}: javax/annotation/Priority> (0x00000000c6246f18) thrown at [./src/hotspot/share/classfile/systemDictionary.cpp, line 219]
Event: 3.452 Thread 0x00007f914c028000 Implicit null exception at 0x00007f913c2e4974 to 0x00007f913c2e4eec
Event: 3.452 Thread 0x00007f914c028000 Implicit null exception at 0x00007f913c2f97f4 to 0x00007f913c2f9d48

Events (20 events):
Event: 4.726 loading class org/apache/maven/artifact/versioning/Restriction done
Event: 4.769 loading class org/apache/maven/artifact/resolver/filter/ExcludesArtifactFilter
Event: 4.769 loading class org/apache/maven/artifact/resolver/filter/ExcludesArtifactFilter done
Event: 4.770 loading class org/apache/maven/artifact/resolver/filter/IncludesArtifactFilter
Event: 4.770 loading class org/apache/maven/artifact/resolver/filter/IncludesArtifactFilter done
Event: 4.873 loading class org/apache/maven/project/DefaultProjectBuildingResult
Event: 4.873 loading class org/apache/maven/project/DefaultProjectBuildingResult done
Event: 4.948 Executing VM operation: G1CollectForAllocation
Event: 4.959 Executing VM operation: G1CollectForAllocation done
Event: 5.273 Executing VM operation: G1CollectForAllocation
Event: 5.386 Executing VM operation: G1CollectForAllocation done
Event: 5.815 Executing VM operation: G1CollectForAllocation
Event: 5.977 Executing VM operation: G1CollectForAllocation done
Event: 6.193 loading class org/apache/maven/artifact/ArtifactUtils
Event: 6.193 loading class org/apache/maven/artifact/ArtifactUtils done
Event: 6.368 loading class org/apache/maven/graph/DefaultProjectDependencyGraph
Event: 6.368 loading class org/apache/maven/graph/DefaultProjectDependencyGraph done
Event: 6.372 loading class org/apache/maven/project/ProjectSorter
Event: 6.372 loading class org/apache/maven/project/ProjectSorter done
Event: 6.374 Executing VM operation: CollectForMetadataAllocation


Dynamic libraries:
c3000000-c8700000 rw-p 00000000 00:00 0 
d0900000-100000000 ---p 00000000 00:00 0 
100000000-100260000 rw-p 00000000 00:00 0 
100260000-140000000 ---p 00000000 00:00 0 
561119b99000-561119b9a000 r-xp 00000000 103:01 21014877                  /usr/lib/jvm/java-11-amazon-corretto.x86_64/bin/java
561119d9a000-561119d9b000 r--p 00001000 103:01 21014877                  /usr/lib/jvm/java-11-amazon-corretto.x86_64/bin/java
561119d9b000-561119d9c000 rw-p 00002000 103:01 21014877                  /usr/lib/jvm/java-11-amazon-corretto.x86_64/bin/java
56111a1fc000-56111a21d000 rw-p 00000000 00:00 0                          [heap]
7f90e8000000-7f90e8021000 rw-p 00000000 00:00 0 
7f90e8021000-7f90ec000000 ---p 00000000 00:00 0 
7f90f0000000-7f90f04de000 rw-p 00000000 00:00 0 
7f90f04de000-7f90f4000000 ---p 00000000 00:00 0 
7f90f4000000-7f90f4021000 rw-p 00000000 00:00 0 
7f90f4021000-7f90f8000000 ---p 00000000 00:00 0 
7f90f8000000-7f90f8021000 rw-p 00000000 00:00 0 
7f90f8021000-7f90fc000000 ---p 00000000 00:00 0 
7f90fc000000-7f90fc7f6000 rw-p 00000000 00:00 0 
7f90fc7f6000-7f9100000000 ---p 00000000 00:00 0 
7f9100000000-7f9100021000 rw-p 00000000 00:00 0 
7f9100021000-7f9104000000 ---p 00000000 00:00 0 
7f9105430000-7f910c000000 r--p 00000000 103:01 12957004                  /usr/lib/locale/locale-archive
7f910c000000-7f910c021000 rw-p 00000000 00:00 0 
7f910c021000-7f9110000000 ---p 00000000 00:00 0 
7f9110000000-7f9110021000 rw-p 00000000 00:00 0 
7f9110021000-7f9114000000 ---p 00000000 00:00 0 
7f9114000000-7f9114021000 rw-p 00000000 00:00 0 
7f9114021000-7f9118000000 ---p 00000000 00:00 0 
7f9118000000-7f9118021000 rw-p 00000000 00:00 0 
7f9118021000-7f911c000000 ---p 00000000 00:00 0 
7f911df0c000-7f911e33d000 rw-p 00000000 00:00 0 
7f911e33d000-7f911e4d1000 ---p 00000000 00:00 0 
7f911e4d1000-7f911e6d1000 rw-p 00000000 00:00 0 
7f911e6d1000-7f911e8d1000 rw-p 00000000 00:00 0 
7f911e8d1000-7f911ead1000 rw-p 00000000 00:00 0 
7f911ead1000-7f911ecd1000 rw-p 00000000 00:00 0 
7f911ecd1000-7f911ecd2000 ---p 00000000 00:00 0 
7f911ecd2000-7f911efd3000 rw-p 00000000 00:00 0 
7f911efd3000-7f911efd5000 r-xp 00000000 103:01 142                       /usr/lib64/libutil-2.26.so
7f911efd5000-7f911f1d4000 ---p 00002000 103:01 142                       /usr/lib64/libutil-2.26.so
7f911f1d4000-7f911f1d5000 r--p 00001000 103:01 142                       /usr/lib64/libutil-2.26.so
7f911f1d5000-7f911f1d6000 rw-p 00002000 103:01 142                       /usr/lib64/libutil-2.26.so
7f911f1d6000-7f911f1d9000 r-xp 00000000 103:01 1871597                   /tmp/libjansi-1.17.1-1656037082513159617.so
7f911f1d9000-7f911f3d8000 ---p 00003000 103:01 1871597                   /tmp/libjansi-1.17.1-1656037082513159617.so
7f911f3d8000-7f911f3d9000 rw-p 00002000 103:01 1871597                   /tmp/libjansi-1.17.1-1656037082513159617.so
7f911f3d9000-7f911f3ee000 r-xp 00000000 103:01 25732619                  /usr/lib/jvm/java-11-amazon-corretto.x86_64/lib/libnet.so
7f911f3ee000-7f911f5ed000 ---p 00015000 103:01 25732619                  /usr/lib/jvm/java-11-amazon-corretto.x86_64/lib/libnet.so
7f911f5ed000-7f911f5ee000 r--p 00014000 103:01 25732619                  /usr/lib/jvm/java-11-amazon-corretto.x86_64/lib/libnet.so
7f911f5ee000-7f911f5ef000 rw-p 00015000 103:01 25732619                  /usr/lib/jvm/java-11-amazon-corretto.x86_64/lib/libnet.so
7f911f5ef000-7f911f5ff000 r-xp 00000000 103:01 25732620                  /usr/lib/jvm/java-11-amazon-corretto.x86_64/lib/libnio.so
7f911f5ff000-7f911f7fe000 ---p 00010000 103:01 25732620                  /usr/lib/jvm/java-11-amazon-corretto.x86_64/lib/libnio.so
7f911f7fe000-7f911f7ff000 r--p 0000f000 103:01 25732620                  /usr/lib/jvm/java-11-amazon-corretto.x86_64/lib/libnio.so
7f911f7ff000-7f911f800000 rw-p 00010000 103:01 25732620                  /usr/lib/jvm/java-11-amazon-corretto.x86_64/lib/libnio.so
7f911f800000-7f9120000000 rw-p 00000000 00:00 0 
7f9120000000-7f9120021000 rw-p 00000000 00:00 0 
7f9120021000-7f9124000000 ---p 00000000 00:00 0 
7f9124000000-7f9124021000 rw-p 00000000 00:00 0 
7f9124021000-7f9128000000 ---p 00000000 00:00 0 
7f9128000000-7f9128021000 rw-p 00000000 00:00 0 
7f9128021000-7f912c000000 ---p 00000000 00:00 0 
7f912c07e000-7f912c07f000 ---p 00000000 00:00 0 
7f912c07f000-7f912e2dc000 rw-p 00000000 00:00 0 
7f912e2dc000-7f912f0c0000 ---p 00000000 00:00 0 
7f912f0c0000-7f912f21c000 rw-p 00000000 00:00 0 
7f912f21c000-7f9130000000 ---p 00000000 00:00 0 
7f9130000000-7f9130021000 rw-p 00000000 00:00 0 
7f9130021000-7f9134000000 ---p 00000000 00:00 0 
7f91340f0000-7f91340f4000 ---p 00000000 00:00 0 
7f91340f4000-7f91341f1000 rw-p 00000000 00:00 0 
7f91341f1000-7f91341f2000 ---p 00000000 00:00 0 
7f91341f2000-7f91342f3000 rw-p 00000000 00:00 0 
7f91342f3000-7f91342f7000 ---p 00000000 00:00 0 
7f91342f7000-7f91343f4000 rw-p 00000000 00:00 0 
7f91343f4000-7f91343f8000 ---p 00000000 00:00 0 
7f91343f8000-7f91344f5000 rw-p 00000000 00:00 0 
7f91344f5000-7f91344f9000 ---p 00000000 00:00 0 
7f91344f9000-7f91345f6000 rw-p 00000000 00:00 0 
7f91345f6000-7f91345fa000 ---p 00000000 00:00 0 
7f91345fa000-7f91346f7000 rw-p 00000000 00:00 0 
7f91346f7000-7f91346fb000 ---p 00000000 00:00 0 
7f91346fb000-7f91347f8000 rw-p 00000000 00:00 0 
7f91347f8000-7f9134a68000 rwxp 00000000 00:00 0 
7f9134a68000-7f9134d87000 ---p 00000000 00:00 0 
7f9134d87000-7f91352d7000 rwxp 00000000 00:00 0 
7f91352d7000-7f913c2bf000 ---p 00000000 00:00 0 
7f913c2bf000-7f913c52f000 rwxp 00000000 00:00 0 
7f913c52f000-7f91437f8000 ---p 00000000 00:00 0 
7f91437f8000-7f914c000000 r--s 00000000 103:01 25732629                  /usr/lib/jvm/java-11-amazon-corretto.x86_64/lib/modules
7f914c000000-7f914ca6f000 rw-p 00000000 00:00 0 
7f914ca6f000-7f9150000000 ---p 00000000 00:00 0 
7f9150060000-7f9150064000 ---p 00000000 00:00 0 
7f9150064000-7f9150161000 rw-p 00000000 00:00 0 
7f9150161000-7f9150165000 ---p 00000000 00:00 0 
7f9150165000-7f9150262000 rw-p 00000000 00:00 0 
7f9150262000-7f9150263000 ---p 00000000 00:00 0 
7f9150263000-7f9150440000 rw-p 00000000 00:00 0 
7f9150440000-7f9150441000 ---p 00000000 00:00 0 
7f9150441000-7f9150542000 rw-p 00000000 00:00 0 
7f9150542000-7f9150543000 ---p 00000000 00:00 0 
7f9150543000-7f9150846000 rw-p 00000000 00:00 0 
7f9150846000-7f9150847000 ---p 00000000 00:00 0 
7f9150847000-7f9150948000 rw-p 00000000 00:00 0 
7f9150948000-7f9150949000 ---p 00000000 00:00 0 
7f9150949000-7f9150a76000 rw-p 00000000 00:00 0 
7f9150a76000-7f9150c32000 ---p 00000000 00:00 0 
7f9150c32000-7f9150c5e000 rw-p 00000000 00:00 0 
7f9150c5e000-7f9150e1a000 ---p 00000000 00:00 0 
7f9150e1a000-7f9150e46000 rw-p 00000000 00:00 0 
7f9150e46000-7f9151002000 ---p 00000000 00:00 0 
7f9151002000-7f9151204000 rw-p 00000000 00:00 0 
7f9151204000-7f9151205000 ---p 00000000 00:00 0 
7f9151205000-7f915130b000 rw-p 00000000 00:00 0 
7f915130b000-7f91513f1000 ---p 00000000 00:00 0 
7f91513f1000-7f91513fc000 rw-p 00000000 00:00 0 
7f91513fc000-7f91514dc000 ---p 00000000 00:00 0 
7f91514dc000-7f91514e3000 r-xp 00000000 103:01 25732628                  /usr/lib/jvm/java-11-amazon-corretto.x86_64/lib/libzip.so
7f91514e3000-7f91516e3000 ---p 00007000 103:01 25732628                  /usr/lib/jvm/java-11-amazon-corretto.x86_64/lib/libzip.so
7f91516e3000-7f91516e4000 r--p 00007000 103:01 25732628                  /usr/lib/jvm/java-11-amazon-corretto.x86_64/lib/libzip.so
7f91516e4000-7f91516e5000 rw-p 00000000 00:00 0 
7f91516e5000-7f91516f3000 r-xp 00000000 103:01 132                       /usr/lib64/libnss_files-2.26.so
7f91516f3000-7f91518f2000 ---p 0000e000 103:01 132                       /usr/lib64/libnss_files-2.26.so
7f91518f2000-7f91518f3000 r--p 0000d000 103:01 132                       /usr/lib64/libnss_files-2.26.so
7f91518f3000-7f91518f4000 rw-p 0000e000 103:01 132                       /usr/lib64/libnss_files-2.26.so
7f91518f4000-7f91518fa000 rw-p 00000000 00:00 0 
7f91518fa000-7f9151902000 r-xp 00000000 103:01 603                       /usr/lib64/libnss_sss.so.2
7f9151902000-7f9151b01000 ---p 00008000 103:01 603                       /usr/lib64/libnss_sss.so.2
7f9151b01000-7f9151b02000 r--p 00007000 103:01 603                       /usr/lib64/libnss_sss.so.2
7f9151b02000-7f9151b03000 rw-p 00008000 103:01 603                       /usr/lib64/libnss_sss.so.2
7f9151b03000-7f9151b1d000 r-xp 00000000 103:01 25732611                  /usr/lib/jvm/java-11-amazon-corretto.x86_64/lib/libjimage.so
7f9151b1d000-7f9151d1c000 ---p 0001a000 103:01 25732611                  /usr/lib/jvm/java-11-amazon-corretto.x86_64/lib/libjimage.so
7f9151d1c000-7f9151d1e000 r--p 00019000 103:01 25732611                  /usr/lib/jvm/java-11-amazon-corretto.x86_64/lib/libjimage.so
7f9151d1e000-7f9151d1f000 rw-p 0001b000 103:01 25732611                  /usr/lib/jvm/java-11-amazon-corretto.x86_64/lib/libjimage.so
7f9151d1f000-7f9151d48000 r-xp 00000000 103:01 25732608                  /usr/lib/jvm/java-11-amazon-corretto.x86_64/lib/libjava.so
7f9151d48000-7f9151f48000 ---p 00029000 103:01 25732608                  /usr/lib/jvm/java-11-amazon-corretto.x86_64/lib/libjava.so
7f9151f48000-7f9151f49000 r--p 00029000 103:01 25732608                  /usr/lib/jvm/java-11-amazon-corretto.x86_64/lib/libjava.so
7f9151f49000-7f9151f4a000 rw-p 0002a000 103:01 25732608                  /usr/lib/jvm/java-11-amazon-corretto.x86_64/lib/libjava.so
7f9151f4a000-7f9151f4b000 rw-p 00000000 00:00 0 
7f9151f4b000-7f9151f5c000 r-xp 00000000 103:01 25732627                  /usr/lib/jvm/java-11-amazon-corretto.x86_64/lib/libverify.so
7f9151f5c000-7f915215b000 ---p 00011000 103:01 25732627                  /usr/lib/jvm/java-11-amazon-corretto.x86_64/lib/libverify.so
7f915215b000-7f915215d000 r--p 00010000 103:01 25732627                  /usr/lib/jvm/java-11-amazon-corretto.x86_64/lib/libverify.so
7f915215d000-7f915215e000 rw-p 00000000 00:00 0 
7f915215e000-7f9152165000 r-xp 00000000 103:01 138                       /usr/lib64/librt-2.26.so
7f9152165000-7f9152364000 ---p 00007000 103:01 138                       /usr/lib64/librt-2.26.so
7f9152364000-7f9152365000 r--p 00006000 103:01 138                       /usr/lib64/librt-2.26.so
7f9152365000-7f9152366000 rw-p 00007000 103:01 138                       /usr/lib64/librt-2.26.so
7f9152366000-7f91524a5000 r-xp 00000000 103:01 122                       /usr/lib64/libm-2.26.so
7f91524a5000-7f91526a4000 ---p 0013f000 103:01 122                       /usr/lib64/libm-2.26.so
7f91526a4000-7f91526a5000 r--p 0013e000 103:01 122                       /usr/lib64/libm-2.26.so
7f91526a5000-7f91526a6000 rw-p 0013f000 103:01 122                       /usr/lib64/libm-2.26.so
7f91526a6000-7f91538a1000 r-xp 00000000 103:01 4490142                   /usr/lib/jvm/java-11-amazon-corretto.x86_64/lib/server/libjvm.so
7f91538a1000-7f9153aa1000 ---p 011fb000 103:01 4490142                   /usr/lib/jvm/java-11-amazon-corretto.x86_64/lib/server/libjvm.so
7f9153aa1000-7f9153b66000 r--p 011fb000 103:01 4490142                   /usr/lib/jvm/java-11-amazon-corretto.x86_64/lib/server/libjvm.so
7f9153b66000-7f9153ba1000 rw-p 012c0000 103:01 4490142                   /usr/lib/jvm/java-11-amazon-corretto.x86_64/lib/server/libjvm.so
7f9153ba1000-7f9153bf9000 rw-p 00000000 00:00 0 
7f9153bf9000-7f9153d9d000 r-xp 00000000 103:01 46375                     /usr/lib64/libc-2.26.so
7f9153d9d000-7f9153f9c000 ---p 001a4000 103:01 46375                     /usr/lib64/libc-2.26.so
7f9153f9c000-7f9153fa0000 r--p 001a3000 103:01 46375                     /usr/lib64/libc-2.26.so
7f9153fa0000-7f9153fa2000 rw-p 001a7000 103:01 46375                     /usr/lib64/libc-2.26.so
7f9153fa2000-7f9153fa6000 rw-p 00000000 00:00 0 
7f9153fa6000-7f9153fa9000 r-xp 00000000 103:01 120                       /usr/lib64/libdl-2.26.so
7f9153fa9000-7f91541a8000 ---p 00003000 103:01 120                       /usr/lib64/libdl-2.26.so
7f91541a8000-7f91541a9000 r--p 00002000 103:01 120                       /usr/lib64/libdl-2.26.so
7f91541a9000-7f91541aa000 rw-p 00003000 103:01 120                       /usr/lib64/libdl-2.26.so
7f91541aa000-7f91541b9000 r-xp 00000000 103:01 128167                    /usr/lib/jvm/java-11-amazon-corretto.x86_64/lib/jli/libjli.so
7f91541b9000-7f91543b9000 ---p 0000f000 103:01 128167                    /usr/lib/jvm/java-11-amazon-corretto.x86_64/lib/jli/libjli.so
7f91543b9000-7f91543ba000 r--p 0000f000 103:01 128167                    /usr/lib/jvm/java-11-amazon-corretto.x86_64/lib/jli/libjli.so
7f91543ba000-7f91543bb000 rw-p 00010000 103:01 128167                    /usr/lib/jvm/java-11-amazon-corretto.x86_64/lib/jli/libjli.so
7f91543bb000-7f91543d3000 r-xp 00000000 103:01 134                       /usr/lib64/libpthread-2.26.so
7f91543d3000-7f91545d3000 ---p 00018000 103:01 134                       /usr/lib64/libpthread-2.26.so
7f91545d3000-7f91545d4000 r--p 00018000 103:01 134                       /usr/lib64/libpthread-2.26.so
7f91545d4000-7f91545d5000 rw-p 00019000 103:01 134                       /usr/lib64/libpthread-2.26.so
7f91545d5000-7f91545d9000 rw-p 00000000 00:00 0 
7f91545d9000-7f91545ed000 r-xp 00000000 103:01 153                       /usr/lib64/libz.so.1.2.7
7f91545ed000-7f91547ec000 ---p 00014000 103:01 153                       /usr/lib64/libz.so.1.2.7
7f91547ec000-7f91547ed000 r--p 00013000 103:01 153                       /usr/lib64/libz.so.1.2.7
7f91547ed000-7f91547ee000 rw-p 00014000 103:01 153                       /usr/lib64/libz.so.1.2.7
7f91547ee000-7f9154812000 r-xp 00000000 103:01 46368                     /usr/lib64/ld-2.26.so
7f915482e000-7f9154835000 r--s 00000000 103:01 8412786                   /usr/lib64/gconv/gconv-modules.cache
7f9154835000-7f91548f6000 rw-p 00000000 00:00 0 
7f91548f6000-7f91548fd000 ---p 00000000 00:00 0 
7f91548fd000-7f9154905000 rw-s 00000000 103:01 27170692                  /tmp/hsperfdata_ec2-user/12083
7f9154905000-7f9154909000 ---p 00000000 00:00 0 
7f9154909000-7f9154a0a000 rw-p 00000000 00:00 0 
7f9154a0f000-7f9154a10000 ---p 00000000 00:00 0 
7f9154a10000-7f9154a11000 r--p 00000000 00:00 0 
7f9154a11000-7f9154a12000 r--p 00023000 103:01 46368                     /usr/lib64/ld-2.26.so
7f9154a12000-7f9154a13000 rw-p 00024000 103:01 46368                     /usr/lib64/ld-2.26.so
7f9154a13000-7f9154a14000 rw-p 00000000 00:00 0 
7ffc749d3000-7ffc749f4000 rw-p 00000000 00:00 0                          [stack]
7ffc749fa000-7ffc749fd000 r--p 00000000 00:00 0                          [vvar]
7ffc749fd000-7ffc749ff000 r-xp 00000000 00:00 0                          [vdso]
ffffffffff600000-ffffffffff601000 r-xp 00000000 00:00 0                  [vsyscall]


VM Arguments:
jvm_args: -Dmaven.home=/home/ec2-user -Dmaven.multiModuleProjectDirectory=/home/ec2-user/microservices-with-db 
java_command: org.apache.maven.wrapper.MavenWrapperMain clean package
java_class_path (initial): /home/ec2-user/microservices-with-db/.mvn/wrapper/maven-wrapper.jar
Launcher Type: SUN_STANDARD

[Global flags]
     intx CICompilerCount                          = 2                                         {product} {ergonomic}
     uint ConcGCThreads                            = 1                                         {product} {ergonomic}
     uint G1ConcRefinementThreads                  = 2                                         {product} {ergonomic}
   size_t G1HeapRegionSize                         = 1048576                                   {product} {ergonomic}
    uintx GCDrainStackTargetSize                   = 64                                        {product} {ergonomic}
   size_t InitialHeapSize                          = 65011712                                  {product} {ergonomic}
   size_t MarkStackSize                            = 4194304                                   {product} {ergonomic}
   size_t MaxHeapSize                              = 1023410176                                {product} {ergonomic}
   size_t MaxNewSize                               = 613416960                                 {product} {ergonomic}
   size_t MinHeapDeltaBytes                        = 1048576                                   {product} {ergonomic}
    uintx NonNMethodCodeHeapSize                   = 5825164                                {pd product} {ergonomic}
    uintx NonProfiledCodeHeapSize                  = 122916538                              {pd product} {ergonomic}
    uintx ProfiledCodeHeapSize                     = 122916538                              {pd product} {ergonomic}
    uintx ReservedCodeCacheSize                    = 251658240                              {pd product} {ergonomic}
     bool SegmentedCodeCache                       = true                                      {product} {ergonomic}
     bool UseCompressedClassPointers               = true                                 {lp64_product} {ergonomic}
     bool UseCompressedOops                        = true                                 {lp64_product} {ergonomic}
     bool UseG1GC                                  = true                                      {product} {ergonomic}

Logging:
Log output configuration:
 #0: stdout all=warning uptime,level,tags
 #1: stderr all=off uptime,level,tags

Environment Variables:
JAVA_HOME=/usr/lib/jvm/java-11-amazon-corretto.x86_64
PATH=/home/ec2-user/.vscode-server/bin/441438abd1ac652551dbe4d408dfcec8a499b8bf/bin/remote-cli:/usr/local/bin:/usr/bin:/usr/local/sbin:/usr/sbin:/home/ec2-user/.local/bin:/home/ec2-user/bin
SHELL=/bin/bash
LANG=en_US.UTF-8
TERM=xterm-256color

Signal Handlers:
SIGSEGV: [libjvm.so+0xedb370], sa_mask[0]=11111111011111111101111111111110, sa_flags=SA_RESTART|SA_SIGINFO
SIGBUS: [libjvm.so+0xedb370], sa_mask[0]=11111111011111111101111111111110, sa_flags=SA_RESTART|SA_SIGINFO
SIGFPE: [libjvm.so+0xedb370], sa_mask[0]=11111111011111111101111111111110, sa_flags=SA_RESTART|SA_SIGINFO
SIGPIPE: [libjvm.so+0xc16720], sa_mask[0]=11111111011111111101111111111110, sa_flags=SA_RESTART|SA_SIGINFO
SIGXFSZ: [libjvm.so+0xc16720], sa_mask[0]=11111111011111111101111111111110, sa_flags=SA_RESTART|SA_SIGINFO
SIGILL: [libjvm.so+0xedb370], sa_mask[0]=11111111011111111101111111111110, sa_flags=SA_RESTART|SA_SIGINFO
SIGUSR2: [libjvm.so+0xc165e0], sa_mask[0]=00000000000000000000000000000000, sa_flags=SA_RESTART|SA_SIGINFO
SIGHUP: [libjvm.so+0xc16770], sa_mask[0]=11111111011111111101111111111110, sa_flags=SA_RESTART|SA_SIGINFO
SIGINT: [libjvm.so+0xc16770], sa_mask[0]=11111111011111111101111111111110, sa_flags=SA_RESTART|SA_SIGINFO
SIGTERM: [libjvm.so+0xc16770], sa_mask[0]=11111111011111111101111111111110, sa_flags=SA_RESTART|SA_SIGINFO
SIGQUIT: [libjvm.so+0xc16770], sa_mask[0]=11111111011111111101111111111110, sa_flags=SA_RESTART|SA_SIGINFO


---------------  S Y S T E M  ---------------

OS:Amazon Linux release 2 (Karoo)
uname:Linux 4.14.193-149.317.amzn2.x86_64 #1 SMP Thu Sep 3 19:04:44 UTC 2020 x86_64
OS uptime: 0 days 2:57 hours
libc:glibc 2.26 NPTL 2.26 
rlimit (soft/hard): STACK 8192k/infinity , CORE 0k/infinity , NPROC 15443/15443 , NOFILE 4096/4096 , AS infinity/infinity , CPU infinity/infinity , DATA infinity/infinity , FSIZE infinity/infinity , MEMLOCK 64k/64k
load average:65.51 29.93 11.77

/proc/meminfo:
MemTotal:        3990132 kB
MemFree:           88568 kB
MemAvailable:          0 kB
Buffers:               0 kB
Cached:            25068 kB
SwapCached:            0 kB
Active:          3686300 kB
Inactive:          13144 kB
Active(anon):    3675576 kB
Inactive(anon):      444 kB
Active(file):      10724 kB
Inactive(file):    12700 kB
Unevictable:           0 kB
Mlocked:               0 kB
SwapTotal:             0 kB
SwapFree:              0 kB
Dirty:                40 kB
Writeback:             0 kB
AnonPages:       3674724 kB
Mapped:            19940 kB
Shmem:              1296 kB
Slab:             120428 kB
SReclaimable:      37448 kB
SUnreclaim:        82980 kB
KernelStack:       16576 kB
PageTables:        25516 kB
NFS_Unstable:          0 kB
Bounce:                0 kB
WritebackTmp:          0 kB
CommitLimit:     1995064 kB
Committed_AS:    7975760 kB
VmallocTotal:   34359738367 kB
VmallocUsed:           0 kB
VmallocChunk:          0 kB
HardwareCorrupted:     0 kB
AnonHugePages:         0 kB
ShmemHugePages:        0 kB
ShmemPmdMapped:        0 kB
HugePages_Total:       0
HugePages_Free:        0
HugePages_Rsvd:        0
HugePages_Surp:        0
Hugepagesize:       2048 kB
DirectMap4k:      268200 kB
DirectMap2M:     3876864 kB
DirectMap1G:           0 kB

/sys/kernel/mm/transparent_hugepage/enabled:
always [madvise] never
/sys/kernel/mm/transparent_hugepage/defrag (defrag/compaction efforts parameter):
always defer defer+madvise [madvise] never

Process Memory:
Virtual Size: 3574988K (peak: 3745808K)
Resident Set Size: 147300K (peak: 148348K) (anon: 146100K, file: 1200K, shmem: 0K)
Swapped out: 0K
C-Heap outstanding allocations: 28485K, retained: 6534K
glibc malloc tunables: (default)

/proc/sys/kernel/threads-max (system-wide limit on the number of threads):
30887
/proc/sys/vm/max_map_count (maximum number of memory map areas a process may have):
65530
/proc/sys/kernel/pid_max (system-wide limit on number of process identifiers):
32768

container (cgroup) information:
container_type: cgroupv1
cpu_cpuset_cpus: 0-1
cpu_memory_nodes: 0
active_processor_count: 2
cpu_quota: no quota
cpu_period: 100000
cpu_shares: no shares
memory_limit_in_bytes: unlimited
memory_and_swap_limit_in_bytes: unlimited
memory_soft_limit_in_bytes: unlimited
memory_usage_in_bytes: 3700104 k
memory_max_usage_in_bytes: 3476276 k
maximum number of tasks: not supported
current number of tasks: not supported

KVM virtualization detected
Steal ticks since vm start: 40
Steal ticks percentage since vm start:  0.029

CPU:total 2 (initial active 2) (2 cores per cpu, 2 threads per core) family 23 model 1 stepping 2 microcode 0x800126e, cmov, cx8, fxsr, mmx, sse, sse2, sse3, ssse3, sse4.1, sse4.2, popcnt, avx, avx2, aes, clmul, mmxext, 3dnowpref, lzcnt, sse4a, ht, tsc, tscinvbit, tscinv, bmi1, bmi2, adx, sha, fma
CPU Model and flags from /proc/cpuinfo:
model name	: AMD EPYC 7571
flags		: fpu vme de pse tsc msr pae mce cx8 apic sep mtrr pge mca cmov pat pse36 clflush mmx fxsr sse sse2 ht syscall nx mmxext fxsr_opt pdpe1gb rdtscp lm constant_tsc rep_good nopl nonstop_tsc cpuid extd_apicid tsc_known_freq pni pclmulqdq ssse3 fma cx16 sse4_1 sse4_2 movbe popcnt aes xsave avx f16c rdrand hypervisor lahf_lm cmp_legacy cr8_legacy abm sse4a misalignsse 3dnowprefetch topoext vmmcall fsgsbase bmi1 avx2 smep bmi2 rdseed adx smap clflushopt sha_ni xsaveopt xsavec xgetbv1 clzero xsaveerptr arat npt nrip_save
Online cpus:
0-1
Offline cpus:

BIOS frequency limitation:
<Not Available>
Frequency switch latency (ns):
<Not Available>
Available cpu frequencies:
<Not Available>
Current governor:
<Not Available>
Core performance/turbo boost:
<Not Available>

Memory: 4k page, physical 3990132k(88568k free), swap 0k(0k free)

vm_info: OpenJDK 64-Bit Server VM (11.0.18+10-LTS) for linux-amd64 JRE (11.0.18+10-LTS), built on Jan 11 2023 00:26:12 by "" with gcc 7.3.1 20180712 (Red Hat 7.3.1-15)

END.
